<?xml version="1.0" encoding="UTF-8"?>
<!-- Generated by org.testng.reporters.JUnitXMLReporter -->
<testsuite hostname="jeni-PC" ignored="0" name="Test" tests="6" failures="0" timestamp="10 Aug 2020 11:09:08 GMT" time="261.037" errors="0">
  <testcase name="testDragandDrop_function" time="65.541" classname="Testcases.ApiDemos_ViewsPage"/>
  <testcase name="testSwipping_actions" time="39.248" classname="Testcases.ApiDemos_ViewsPage"/>
  <testcase name="testlongPress_function" time="35.18" classname="Testcases.ApiDemos_ViewsPage"/>
  <testcase name="testNamefield" time="29.647" classname="Testcases.Ecommerce_tc"/>
  <testcase name="testNamefield" time="29.367" classname="Testcases.Ecommerce_tc"/>
  <testcase name="testproductValidation" time="49.617" classname="Testcases.Ecommerce_tc"/>
</testsuite> <!-- Test -->
