<?xml version="1.0" encoding="UTF-8"?>
<!-- Generated by org.testng.reporters.JUnitXMLReporter -->
<testsuite hostname="jeni-PC" ignored="0" name="Default test(failed)" tests="5" failures="2" timestamp="03 Aug 2020 10:31:48 GMT" time="150.469" errors="0">
  <testcase name="testTapAndDragandDrop_actions" time="53.938" classname="Testcases.ApiDemos_ViewsPage"/>
  <testcase name="testlongPress_function" time="29.843" classname="Testcases.ApiDemos_ViewsPage"/>
  <testcase name="dummy" time="23.99" classname="Testcases.Ecommerce_tc"/>
  <testcase name="totalValidation" time="36.495" classname="Testcases.Ecommerce_tc">
    <failure type="org.openqa.selenium.WebDriverException" message="org.openqa.selenium.WebDriverException: An unknown server-side error occurred while processing the command. Original error: Could not proxy command to remote server. Original error: Error: socket hang up
Build info: version: &amp;apos;3.141.59&amp;apos;, revision: &amp;apos;e82be7d358&amp;apos;, time: &amp;apos;2018-11-14T08:17:03&amp;apos;
System info: host: &amp;apos;JENI-PC&amp;apos;, ip: &amp;apos;192.168.42.162&amp;apos;, os.name: &amp;apos;Windows 7&amp;apos;, os.arch: &amp;apos;x86&amp;apos;, os.version: &amp;apos;6.1&amp;apos;, java.version: &amp;apos;1.8.0_181&amp;apos;
Driver info: io.appium.java_client.android.AndroidDriver
Capabilities {app: E:\appium_assignment\src\Ge..., appPackage: com.androidsample.generalstore, databaseEnabled: false, desired: {app: E:\appium_assignment\src\Ge..., devicename: a7321a0a0606, platformName: android, platformVersion: 9}, deviceApiLevel: 28, deviceManufacturer: Xiaomi, deviceModel: Redmi 8A, deviceName: a7321a0a0606, deviceScreenDensity: 320, deviceScreenSize: 720x1520, deviceUDID: a7321a0a0606, devicename: a7321a0a0606, javascriptEnabled: true, locationContextEnabled: false, networkConnectionEnabled: true, pixelRatio: 2, platform: LINUX, platformName: Android, platformVersion: 9, statBarHeight: 55, takesScreenshot: true, viewportRect: {height: 1314, left: 0, top: 55, width: 720}, warnings: {}, webStorageEnabled: false}
Session ID: 3f20697a-f04e-463f-85ca-e1ec605c662f
*** Element info: {Using=id, value=com.androidsample.generalstore:id/btnLetsShop}">
      <![CDATA[org.openqa.selenium.WebDriverException: org.openqa.selenium.WebDriverException: An unknown server-side error occurred while processing the command. Original error: Could not proxy command to remote server. Original error: Error: socket hang up
Build info: version: '3.141.59', revision: 'e82be7d358', time: '2018-11-14T08:17:03'
System info: host: 'JENI-PC', ip: '192.168.42.162', os.name: 'Windows 7', os.arch: 'x86', os.version: '6.1', java.version: '1.8.0_181'
Driver info: io.appium.java_client.android.AndroidDriver
Capabilities {app: E:\appium_assignment\src\Ge..., appPackage: com.androidsample.generalstore, databaseEnabled: false, desired: {app: E:\appium_assignment\src\Ge..., devicename: a7321a0a0606, platformName: android, platformVersion: 9}, deviceApiLevel: 28, deviceManufacturer: Xiaomi, deviceModel: Redmi 8A, deviceName: a7321a0a0606, deviceScreenDensity: 320, deviceScreenSize: 720x1520, deviceUDID: a7321a0a0606, devicename: a7321a0a0606, javascriptEnabled: true, locationContextEnabled: false, networkConnectionEnabled: true, pixelRatio: 2, platform: LINUX, platformName: Android, platformVersion: 9, statBarHeight: 55, takesScreenshot: true, viewportRect: {height: 1314, left: 0, top: 55, width: 720}, warnings: {}, webStorageEnabled: false}
Session ID: 3f20697a-f04e-463f-85ca-e1ec605c662f
*** Element info: {Using=id, value=com.androidsample.generalstore:id/btnLetsShop}
at io.appium.java_client.pagefactory.AppiumElementLocator$WaitingFunction.apply(AppiumElementLocator.java:192)
at io.appium.java_client.pagefactory.AppiumElementLocator$WaitingFunction.apply(AppiumElementLocator.java:1)
at org.openqa.selenium.support.ui.FluentWait.until(FluentWait.java:249)
at io.appium.java_client.pagefactory.AppiumElementLocator.waitFor(AppiumElementLocator.java:99)
at io.appium.java_client.pagefactory.AppiumElementLocator.findElement(AppiumElementLocator.java:119)
at io.appium.java_client.pagefactory.interceptors.InterceptorOfASingleElement.intercept(InterceptorOfASingleElement.java:59)
at io.appium.java_client.android.AndroidElement$$EnhancerByCGLIB$$b598166c.click(<generated>)
at Testcases.Ecommerce_tc.totalValidation(Ecommerce_tc.java:81)
Caused by: org.openqa.selenium.WebDriverException: An unknown server-side error occurred while processing the command. Original error: Could not proxy command to remote server. Original error: Error: socket hang up
Build info: version: '3.141.59', revision: 'e82be7d358', time: '2018-11-14T08:17:03'
System info: host: 'JENI-PC', ip: '192.168.42.162', os.name: 'Windows 7', os.arch: 'x86', os.version: '6.1', java.version: '1.8.0_181'
Driver info: io.appium.java_client.android.AndroidDriver
Capabilities {app: E:\appium_assignment\src\Ge..., appPackage: com.androidsample.generalstore, databaseEnabled: false, desired: {app: E:\appium_assignment\src\Ge..., devicename: a7321a0a0606, platformName: android, platformVersion: 9}, deviceApiLevel: 28, deviceManufacturer: Xiaomi, deviceModel: Redmi 8A, deviceName: a7321a0a0606, deviceScreenDensity: 320, deviceScreenSize: 720x1520, deviceUDID: a7321a0a0606, devicename: a7321a0a0606, javascriptEnabled: true, locationContextEnabled: false, networkConnectionEnabled: true, pixelRatio: 2, platform: LINUX, platformName: Android, platformVersion: 9, statBarHeight: 55, takesScreenshot: true, viewportRect: {height: 1314, left: 0, top: 55, width: 720}, warnings: {}, webStorageEnabled: false}
Session ID: 3f20697a-f04e-463f-85ca-e1ec605c662f
*** Element info: {Using=id, value=com.androidsample.generalstore:id/btnLetsShop}
at org.openqa.selenium.remote.http.W3CHttpResponseCodec.createException(W3CHttpResponseCodec.java:187)
at org.openqa.selenium.remote.http.W3CHttpResponseCodec.decode(W3CHttpResponseCodec.java:122)
at org.openqa.selenium.remote.http.W3CHttpResponseCodec.decode(W3CHttpResponseCodec.java:49)
at org.openqa.selenium.remote.HttpCommandExecutor.execute(HttpCommandExecutor.java:158)
at io.appium.java_client.remote.AppiumCommandExecutor.execute(AppiumCommandExecutor.java:239)
at org.openqa.selenium.remote.RemoteWebDriver.execute(RemoteWebDriver.java:552)
at io.appium.java_client.DefaultGenericMobileDriver.execute(DefaultGenericMobileDriver.java:41)
at io.appium.java_client.AppiumDriver.execute(AppiumDriver.java:1)
at io.appium.java_client.android.AndroidDriver.execute(AndroidDriver.java:1)
at org.openqa.selenium.remote.RemoteWebDriver.findElement(RemoteWebDriver.java:323)
at io.appium.java_client.DefaultGenericMobileDriver.findElement(DefaultGenericMobileDriver.java:61)
at io.appium.java_client.AppiumDriver.findElement(AppiumDriver.java:1)
at io.appium.java_client.android.AndroidDriver.findElement(AndroidDriver.java:1)
at org.openqa.selenium.remote.RemoteWebDriver.findElementById(RemoteWebDriver.java:372)
at io.appium.java_client.DefaultGenericMobileDriver.findElementById(DefaultGenericMobileDriver.java:69)
at io.appium.java_client.AppiumDriver.findElementById(AppiumDriver.java:1)
at io.appium.java_client.android.AndroidDriver.findElementById(AndroidDriver.java:1)
at org.openqa.selenium.By$ById.findElement(By.java:188)
at org.openqa.selenium.remote.RemoteWebDriver.findElement(RemoteWebDriver.java:315)
at io.appium.java_client.DefaultGenericMobileDriver.findElement(DefaultGenericMobileDriver.java:57)
at io.appium.java_client.AppiumDriver.findElement(AppiumDriver.java:1)
at io.appium.java_client.android.AndroidDriver.findElement(AndroidDriver.java:1)
at io.appium.java_client.pagefactory.bys.builder.ByChained.lambda$0(ByChained.java:38)
at org.openqa.selenium.support.ui.FluentWait.until(FluentWait.java:249)
at io.appium.java_client.pagefactory.bys.builder.ByChained.findElement(ByChained.java:72)
at org.openqa.selenium.remote.RemoteWebDriver.findElement(RemoteWebDriver.java:315)
at io.appium.java_client.DefaultGenericMobileDriver.findElement(DefaultGenericMobileDriver.java:57)
at io.appium.java_client.AppiumDriver.findElement(AppiumDriver.java:1)
at io.appium.java_client.android.AndroidDriver.findElement(AndroidDriver.java:1)
at io.appium.java_client.pagefactory.bys.ContentMappedBy.findElement(ContentMappedBy.java:50)
at org.openqa.selenium.remote.RemoteWebDriver.findElement(RemoteWebDriver.java:315)
at io.appium.java_client.DefaultGenericMobileDriver.findElement(DefaultGenericMobileDriver.java:57)
at io.appium.java_client.AppiumDriver.findElement(AppiumDriver.java:1)
at io.appium.java_client.android.AndroidDriver.findElement(AndroidDriver.java:1)
at io.appium.java_client.pagefactory.AppiumElementLocator.lambda$0(AppiumElementLocator.java:120)
at io.appium.java_client.pagefactory.AppiumElementLocator$WaitingFunction.apply(AppiumElementLocator.java:172)
... 32 more
... Removed 29 stack frames]]>
    </failure>
  </testcase> <!-- totalValidation -->
  <testcase name="totalValidation" time="36.525" classname="Testcases.Ecommerce_tc">
    <failure type="java.lang.NullPointerException">
      <![CDATA[java.lang.NullPointerException
at Appium_Base.Base.getScreenshot(Base.java:110)
at resources.Listeners.onTestFailure(Listeners.java:34)
... Removed 22 stack frames]]>
    </failure>
  </testcase> <!-- totalValidation -->
</testsuite> <!-- Default test(failed) -->
